This file contains any messages produced by compilers while
running configure, to aid debugging if configure makes a mistake.

It was created by tokyotyrant configure 1.1.40, which was
generated by GNU Autoconf 2.63.  Invocation command line was

  $ ./configure 

## --------- ##
## Platform. ##
## --------- ##

hostname = dev
uname -m = x86_64
uname -r = 3.2.0-4-amd64
uname -s = Linux
uname -v = #1 SMP Debian 3.2.60-1+deb7u3

/usr/bin/uname -p = unknown
/bin/uname -X     = unknown

/bin/arch              = unknown
/usr/bin/arch -k       = unknown
/usr/convex/getsysinfo = unknown
/usr/bin/hostinfo      = unknown
/bin/machine           = unknown
/usr/bin/oslevel       = unknown
/bin/universe          = unknown

PATH: /home/xieyi//perl5/bin
PATH: /opt/local/bin
PATH: /opt/local/sbin
PATH: /usr/local/mysql/bin
PATH: /usr/local/bin
PATH: /usr/bin
PATH: /bin
PATH: /usr/bin/X11
PATH: /usr/games
PATH: /opt/adt/sdk/platform-tools
PATH: /opt/adt/sdk/tools
PATH: /home/xieyi//.rvm/bin


## ----------- ##
## Core tests. ##
## ----------- ##

configure:2090: checking for gcc
configure:2106: found /usr/bin/gcc
configure:2117: result: gcc
configure:2349: checking for C compiler version
configure:2357: gcc --version >&5
gcc (Debian 4.7.2-5) 4.7.2
Copyright (C) 2012 Free Software Foundation, Inc.
This is free software; see the source for copying conditions.  There is NO
warranty; not even for MERCHANTABILITY or FITNESS FOR A PARTICULAR PURPOSE.

configure:2361: $? = 0
configure:2368: gcc -v >&5
Using built-in specs.
COLLECT_GCC=gcc
COLLECT_LTO_WRAPPER=/usr/lib/gcc/x86_64-linux-gnu/4.7/lto-wrapper
Target: x86_64-linux-gnu
Configured with: ../src/configure -v --with-pkgversion='Debian 4.7.2-5' --with-bugurl=file:///usr/share/doc/gcc-4.7/README.Bugs --enable-languages=c,c++,go,fortran,objc,obj-c++ --prefix=/usr --program-suffix=-4.7 --enable-shared --enable-linker-build-id --with-system-zlib --libexecdir=/usr/lib --without-included-gettext --enable-threads=posix --with-gxx-include-dir=/usr/include/c++/4.7 --libdir=/usr/lib --enable-nls --with-sysroot=/ --enable-clocale=gnu --enable-libstdcxx-debug --enable-libstdcxx-time=yes --enable-gnu-unique-object --enable-plugin --enable-objc-gc --with-arch-32=i586 --with-tune=generic --enable-checking=release --build=x86_64-linux-gnu --host=x86_64-linux-gnu --target=x86_64-linux-gnu
Thread model: posix
gcc version 4.7.2 (Debian 4.7.2-5) 
configure:2372: $? = 0
configure:2379: gcc -V >&5
gcc: error: unrecognized command line option '-V'
gcc: fatal error: no input files
compilation terminated.
configure:2383: $? = 4
configure:2406: checking for C compiler default output file name
configure:2428: gcc    conftest.c  >&5
configure:2432: $? = 0
configure:2470: result: a.out
configure:2489: checking whether the C compiler works
configure:2499: ./a.out
configure:2503: $? = 0
configure:2522: result: yes
configure:2529: checking whether we are cross compiling
configure:2531: result: no
configure:2534: checking for suffix of executables
configure:2541: gcc -o conftest    conftest.c  >&5
configure:2545: $? = 0
configure:2571: result: 
configure:2577: checking for suffix of object files
configure:2603: gcc -c   conftest.c >&5
configure:2607: $? = 0
configure:2632: result: o
configure:2636: checking whether we are using the GNU C compiler
configure:2665: gcc -c   conftest.c >&5
configure:2672: $? = 0
configure:2689: result: yes
configure:2698: checking whether gcc accepts -g
configure:2728: gcc -c -g  conftest.c >&5
configure:2735: $? = 0
configure:2836: result: yes
configure:2853: checking for gcc option to accept ISO C89
configure:2927: gcc  -c -g -O2  conftest.c >&5
configure:2934: $? = 0
configure:2957: result: none needed
configure:2994: checking how to run the C preprocessor
configure:3034: gcc -E  conftest.c
configure:3041: $? = 0
configure:3072: gcc -E  conftest.c
conftest.c:8:28: fatal error: ac_nonexistent.h: No such file or directory
compilation terminated.
configure:3079: $? = 1
configure: failed program was:
| /* confdefs.h.  */
| #define PACKAGE_NAME "tokyotyrant"
| #define PACKAGE_TARNAME "tokyotyrant"
| #define PACKAGE_VERSION "1.1.40"
| #define PACKAGE_STRING "tokyotyrant 1.1.40"
| #define PACKAGE_BUGREPORT ""
| /* end confdefs.h.  */
| #include <ac_nonexistent.h>
configure:3112: result: gcc -E
configure:3141: gcc -E  conftest.c
configure:3148: $? = 0
configure:3179: gcc -E  conftest.c
conftest.c:8:28: fatal error: ac_nonexistent.h: No such file or directory
compilation terminated.
configure:3186: $? = 1
configure: failed program was:
| /* confdefs.h.  */
| #define PACKAGE_NAME "tokyotyrant"
| #define PACKAGE_TARNAME "tokyotyrant"
| #define PACKAGE_VERSION "1.1.40"
| #define PACKAGE_STRING "tokyotyrant 1.1.40"
| #define PACKAGE_BUGREPORT ""
| /* end confdefs.h.  */
| #include <ac_nonexistent.h>
configure:3226: checking for grep that handles long lines and -e
configure:3286: result: /bin/grep
configure:3291: checking for egrep
configure:3355: result: /bin/grep -E
configure:3360: checking for ANSI C header files
configure:3390: gcc -c -g -O2  conftest.c >&5
configure:3397: $? = 0
configure:3496: gcc -o conftest -g -O2   conftest.c  >&5
configure:3500: $? = 0
configure:3506: ./conftest
configure:3510: $? = 0
configure:3528: result: yes
configure:3552: checking for sys/types.h
configure:3573: gcc -c -g -O2  conftest.c >&5
configure:3580: $? = 0
configure:3597: result: yes
configure:3552: checking for sys/stat.h
configure:3573: gcc -c -g -O2  conftest.c >&5
configure:3580: $? = 0
configure:3597: result: yes
configure:3552: checking for stdlib.h
configure:3573: gcc -c -g -O2  conftest.c >&5
configure:3580: $? = 0
configure:3597: result: yes
configure:3552: checking for string.h
configure:3573: gcc -c -g -O2  conftest.c >&5
configure:3580: $? = 0
configure:3597: result: yes
configure:3552: checking for memory.h
configure:3573: gcc -c -g -O2  conftest.c >&5
configure:3580: $? = 0
configure:3597: result: yes
configure:3552: checking for strings.h
configure:3573: gcc -c -g -O2  conftest.c >&5
configure:3580: $? = 0
configure:3597: result: yes
configure:3552: checking for inttypes.h
configure:3573: gcc -c -g -O2  conftest.c >&5
configure:3580: $? = 0
configure:3597: result: yes
configure:3552: checking for stdint.h
configure:3573: gcc -c -g -O2  conftest.c >&5
configure:3580: $? = 0
configure:3597: result: yes
configure:3552: checking for unistd.h
configure:3573: gcc -c -g -O2  conftest.c >&5
configure:3580: $? = 0
configure:3597: result: yes
configure:3612: checking whether byte ordering is bigendian
configure:3637: gcc -c -g -O2  conftest.c >&5
conftest.c:19:9: error: unknown type name 'not'
conftest.c:19:15: error: expected '=', ',', ';', 'asm' or '__attribute__' before 'universal'
conftest.c:19:15: error: unknown type name 'universal'
configure:3644: $? = 1
configure: failed program was:
| /* confdefs.h.  */
| #define PACKAGE_NAME "tokyotyrant"
| #define PACKAGE_TARNAME "tokyotyrant"
| #define PACKAGE_VERSION "1.1.40"
| #define PACKAGE_STRING "tokyotyrant 1.1.40"
| #define PACKAGE_BUGREPORT ""
| #define STDC_HEADERS 1
| #define HAVE_SYS_TYPES_H 1
| #define HAVE_SYS_STAT_H 1
| #define HAVE_STDLIB_H 1
| #define HAVE_STRING_H 1
| #define HAVE_MEMORY_H 1
| #define HAVE_STRINGS_H 1
| #define HAVE_INTTYPES_H 1
| #define HAVE_STDINT_H 1
| #define HAVE_UNISTD_H 1
| /* end confdefs.h.  */
| #ifndef __APPLE_CC__
| 	       not a universal capable compiler
| 	     #endif
| 	     typedef int dummy;
| 
configure:3694: gcc -c -g -O2  conftest.c >&5
configure:3701: $? = 0
configure:3733: gcc -c -g -O2  conftest.c >&5
conftest.c: In function 'main':
conftest.c:25:4: error: unknown type name 'not'
conftest.c:25:12: error: expected '=', ',', ';', 'asm' or '__attribute__' before 'endian'
configure:3740: $? = 1
configure: failed program was:
| /* confdefs.h.  */
| #define PACKAGE_NAME "tokyotyrant"
| #define PACKAGE_TARNAME "tokyotyrant"
| #define PACKAGE_VERSION "1.1.40"
| #define PACKAGE_STRING "tokyotyrant 1.1.40"
| #define PACKAGE_BUGREPORT ""
| #define STDC_HEADERS 1
| #define HAVE_SYS_TYPES_H 1
| #define HAVE_SYS_STAT_H 1
| #define HAVE_STDLIB_H 1
| #define HAVE_STRING_H 1
| #define HAVE_MEMORY_H 1
| #define HAVE_STRINGS_H 1
| #define HAVE_INTTYPES_H 1
| #define HAVE_STDINT_H 1
| #define HAVE_UNISTD_H 1
| /* end confdefs.h.  */
| #include <sys/types.h>
| 		#include <sys/param.h>
| 
| int
| main ()
| {
| #if BYTE_ORDER != BIG_ENDIAN
| 		 not big endian
| 		#endif
| 
|   ;
|   return 0;
| }
configure:3992: result: no
configure:4017: checking for main in -lc
configure:4046: gcc -o conftest -g -O2   conftest.c -lc   >&5
configure:4053: $? = 0
configure:4074: result: yes
configure:4086: checking for main in -lm
configure:4115: gcc -o conftest -g -O2   conftest.c -lm  -lc  >&5
configure:4122: $? = 0
configure:4143: result: yes
configure:4155: checking for main in -lpthread
configure:4184: gcc -o conftest -g -O2   conftest.c -lpthread  -lm -lc  >&5
configure:4191: $? = 0
configure:4212: result: yes
configure:4224: checking for main in -lrt
configure:4253: gcc -o conftest -g -O2   conftest.c -lrt  -lpthread -lm -lc  >&5
configure:4260: $? = 0
configure:4281: result: yes
configure:4293: checking for main in -ldl
configure:4322: gcc -o conftest -g -O2   conftest.c -ldl  -lrt -lpthread -lm -lc  >&5
configure:4329: $? = 0
configure:4350: result: yes
configure:4362: checking for main in -lnsl
configure:4391: gcc -o conftest -g -O2   conftest.c -lnsl  -ldl -lrt -lpthread -lm -lc  >&5
configure:4398: $? = 0
configure:4419: result: yes
configure:4431: checking for main in -lsocket
configure:4460: gcc -o conftest -g -O2   conftest.c -lsocket  -lnsl -ldl -lrt -lpthread -lm -lc  >&5
/usr/bin/ld: cannot find -lsocket
collect2: error: ld returned 1 exit status
configure:4467: $? = 1
configure: failed program was:
| /* confdefs.h.  */
| #define PACKAGE_NAME "tokyotyrant"
| #define PACKAGE_TARNAME "tokyotyrant"
| #define PACKAGE_VERSION "1.1.40"
| #define PACKAGE_STRING "tokyotyrant 1.1.40"
| #define PACKAGE_BUGREPORT ""
| #define STDC_HEADERS 1
| #define HAVE_SYS_TYPES_H 1
| #define HAVE_SYS_STAT_H 1
| #define HAVE_STDLIB_H 1
| #define HAVE_STRING_H 1
| #define HAVE_MEMORY_H 1
| #define HAVE_STRINGS_H 1
| #define HAVE_INTTYPES_H 1
| #define HAVE_STDINT_H 1
| #define HAVE_UNISTD_H 1
| #define HAVE_LIBC 1
| #define HAVE_LIBM 1
| #define HAVE_LIBPTHREAD 1
| #define HAVE_LIBRT 1
| #define HAVE_LIBDL 1
| #define HAVE_LIBNSL 1
| /* end confdefs.h.  */
| 
| 
| int
| main ()
| {
| return main ();
|   ;
|   return 0;
| }
configure:4488: result: no
configure:4500: checking for main in -lresolv
configure:4529: gcc -o conftest -g -O2   conftest.c -lresolv  -lnsl -ldl -lrt -lpthread -lm -lc  >&5
configure:4536: $? = 0
configure:4557: result: yes
configure:4569: checking for main in -lz
configure:4598: gcc -o conftest -g -O2   conftest.c -lz  -lresolv -lnsl -ldl -lrt -lpthread -lm -lc  >&5
/usr/bin/ld: cannot find -lz
collect2: error: ld returned 1 exit status
configure:4605: $? = 1
configure: failed program was:
| /* confdefs.h.  */
| #define PACKAGE_NAME "tokyotyrant"
| #define PACKAGE_TARNAME "tokyotyrant"
| #define PACKAGE_VERSION "1.1.40"
| #define PACKAGE_STRING "tokyotyrant 1.1.40"
| #define PACKAGE_BUGREPORT ""
| #define STDC_HEADERS 1
| #define HAVE_SYS_TYPES_H 1
| #define HAVE_SYS_STAT_H 1
| #define HAVE_STDLIB_H 1
| #define HAVE_STRING_H 1
| #define HAVE_MEMORY_H 1
| #define HAVE_STRINGS_H 1
| #define HAVE_INTTYPES_H 1
| #define HAVE_STDINT_H 1
| #define HAVE_UNISTD_H 1
| #define HAVE_LIBC 1
| #define HAVE_LIBM 1
| #define HAVE_LIBPTHREAD 1
| #define HAVE_LIBRT 1
| #define HAVE_LIBDL 1
| #define HAVE_LIBNSL 1
| #define HAVE_LIBRESOLV 1
| /* end confdefs.h.  */
| 
| 
| int
| main ()
| {
| return main ();
|   ;
|   return 0;
| }
configure:4626: result: no
configure:4638: checking for main in -lbz2
configure:4667: gcc -o conftest -g -O2   conftest.c -lbz2  -lresolv -lnsl -ldl -lrt -lpthread -lm -lc  >&5
/usr/bin/ld: cannot find -lbz2
collect2: error: ld returned 1 exit status
configure:4674: $? = 1
configure: failed program was:
| /* confdefs.h.  */
| #define PACKAGE_NAME "tokyotyrant"
| #define PACKAGE_TARNAME "tokyotyrant"
| #define PACKAGE_VERSION "1.1.40"
| #define PACKAGE_STRING "tokyotyrant 1.1.40"
| #define PACKAGE_BUGREPORT ""
| #define STDC_HEADERS 1
| #define HAVE_SYS_TYPES_H 1
| #define HAVE_SYS_STAT_H 1
| #define HAVE_STDLIB_H 1
| #define HAVE_STRING_H 1
| #define HAVE_MEMORY_H 1
| #define HAVE_STRINGS_H 1
| #define HAVE_INTTYPES_H 1
| #define HAVE_STDINT_H 1
| #define HAVE_UNISTD_H 1
| #define HAVE_LIBC 1
| #define HAVE_LIBM 1
| #define HAVE_LIBPTHREAD 1
| #define HAVE_LIBRT 1
| #define HAVE_LIBDL 1
| #define HAVE_LIBNSL 1
| #define HAVE_LIBRESOLV 1
| /* end confdefs.h.  */
| 
| 
| int
| main ()
| {
| return main ();
|   ;
|   return 0;
| }
configure:4695: result: no
configure:4707: checking for main in -ltokyocabinet
configure:4736: gcc -o conftest -g -O2   conftest.c -ltokyocabinet  -lresolv -lnsl -ldl -lrt -lpthread -lm -lc  >&5
/usr/bin/ld: skipping incompatible /usr/local/lib/../lib/libtokyocabinet.so when searching for -ltokyocabinet
/usr/bin/ld: skipping incompatible /usr/local/lib/../lib/libtokyocabinet.a when searching for -ltokyocabinet
/usr/bin/ld: skipping incompatible /usr/local/lib/libtokyocabinet.so when searching for -ltokyocabinet
/usr/bin/ld: skipping incompatible /usr/local/lib/libtokyocabinet.a when searching for -ltokyocabinet
/usr/bin/ld: skipping incompatible /usr/local/lib/libtokyocabinet.so when searching for -ltokyocabinet
/usr/bin/ld: skipping incompatible /usr/local/lib/libtokyocabinet.a when searching for -ltokyocabinet
/usr/bin/ld: cannot find -ltokyocabinet
collect2: error: ld returned 1 exit status
configure:4743: $? = 1
configure: failed program was:
| /* confdefs.h.  */
| #define PACKAGE_NAME "tokyotyrant"
| #define PACKAGE_TARNAME "tokyotyrant"
| #define PACKAGE_VERSION "1.1.40"
| #define PACKAGE_STRING "tokyotyrant 1.1.40"
| #define PACKAGE_BUGREPORT ""
| #define STDC_HEADERS 1
| #define HAVE_SYS_TYPES_H 1
| #define HAVE_SYS_STAT_H 1
| #define HAVE_STDLIB_H 1
| #define HAVE_STRING_H 1
| #define HAVE_MEMORY_H 1
| #define HAVE_STRINGS_H 1
| #define HAVE_INTTYPES_H 1
| #define HAVE_STDINT_H 1
| #define HAVE_UNISTD_H 1
| #define HAVE_LIBC 1
| #define HAVE_LIBM 1
| #define HAVE_LIBPTHREAD 1
| #define HAVE_LIBRT 1
| #define HAVE_LIBDL 1
| #define HAVE_LIBNSL 1
| #define HAVE_LIBRESOLV 1
| /* end confdefs.h.  */
| 
| 
| int
| main ()
| {
| return main ();
|   ;
|   return 0;
| }
configure:4764: result: no
configure:4921: checking for main in -ltokyotyrant
configure:4950: gcc -o conftest -g -O2   conftest.c -ltokyotyrant  -lresolv -lnsl -ldl -lrt -lpthread -lm -lc  >&5
/usr/bin/ld: cannot find -ltokyotyrant
collect2: error: ld returned 1 exit status
configure:4957: $? = 1
configure: failed program was:
| /* confdefs.h.  */
| #define PACKAGE_NAME "tokyotyrant"
| #define PACKAGE_TARNAME "tokyotyrant"
| #define PACKAGE_VERSION "1.1.40"
| #define PACKAGE_STRING "tokyotyrant 1.1.40"
| #define PACKAGE_BUGREPORT ""
| #define STDC_HEADERS 1
| #define HAVE_SYS_TYPES_H 1
| #define HAVE_SYS_STAT_H 1
| #define HAVE_STDLIB_H 1
| #define HAVE_STRING_H 1
| #define HAVE_MEMORY_H 1
| #define HAVE_STRINGS_H 1
| #define HAVE_INTTYPES_H 1
| #define HAVE_STDINT_H 1
| #define HAVE_UNISTD_H 1
| #define HAVE_LIBC 1
| #define HAVE_LIBM 1
| #define HAVE_LIBPTHREAD 1
| #define HAVE_LIBRT 1
| #define HAVE_LIBDL 1
| #define HAVE_LIBNSL 1
| #define HAVE_LIBRESOLV 1
| /* end confdefs.h.  */
| 
| 
| int
| main ()
| {
| return main ();
|   ;
|   return 0;
| }
configure:4978: result: no
configure:4988: checking for stdlib.h
configure:4993: result: yes
configure:5124: checking for stdint.h
configure:5129: result: yes
configure:5260: checking for unistd.h
configure:5265: result: yes
configure:5405: checking pthread.h usability
configure:5422: gcc -c -g -O2  conftest.c >&5
configure:5429: $? = 0
configure:5443: result: yes
configure:5447: checking pthread.h presence
configure:5462: gcc -E  conftest.c
configure:5469: $? = 0
configure:5483: result: yes
configure:5511: checking for pthread.h
configure:5518: result: yes
configure:5541: checking tcutil.h usability
configure:5558: gcc -c -g -O2  conftest.c >&5
configure:5565: $? = 0
configure:5579: result: yes
configure:5583: checking tcutil.h presence
configure:5598: gcc -E  conftest.c
configure:5605: $? = 0
configure:5619: result: yes
configure:5647: checking for tcutil.h
configure:5654: result: yes
configure:5998: creating ./config.status

## ---------------------- ##
## Running config.status. ##
## ---------------------- ##

This file was extended by tokyotyrant config.status 1.1.40, which was
generated by GNU Autoconf 2.63.  Invocation command line was

  CONFIG_FILES    = 
  CONFIG_HEADERS  = 
  CONFIG_LINKS    = 
  CONFIG_COMMANDS = 
  $ ./config.status 

on dev

config.status:668: creating Makefile
config.status:668: creating tokyotyrant.pc

## ---------------- ##
## Cache variables. ##
## ---------------- ##

ac_cv_c_bigendian=no
ac_cv_c_compiler_gnu=yes
ac_cv_env_CC_set=
ac_cv_env_CC_value=
ac_cv_env_CFLAGS_set=
ac_cv_env_CFLAGS_value=
ac_cv_env_CPPFLAGS_set=
ac_cv_env_CPPFLAGS_value=
ac_cv_env_CPP_set=
ac_cv_env_CPP_value=
ac_cv_env_LDFLAGS_set=
ac_cv_env_LDFLAGS_value=
ac_cv_env_LIBS_set=
ac_cv_env_LIBS_value=
ac_cv_env_build_alias_set=
ac_cv_env_build_alias_value=
ac_cv_env_host_alias_set=
ac_cv_env_host_alias_value=
ac_cv_env_target_alias_set=
ac_cv_env_target_alias_value=
ac_cv_header_inttypes_h=yes
ac_cv_header_memory_h=yes
ac_cv_header_pthread_h=yes
ac_cv_header_stdc=yes
ac_cv_header_stdint_h=yes
ac_cv_header_stdlib_h=yes
ac_cv_header_string_h=yes
ac_cv_header_strings_h=yes
ac_cv_header_sys_stat_h=yes
ac_cv_header_sys_types_h=yes
ac_cv_header_tcutil_h=yes
ac_cv_header_unistd_h=yes
ac_cv_lib_bz2_main=no
ac_cv_lib_c_main=yes
ac_cv_lib_dl_main=yes
ac_cv_lib_m_main=yes
ac_cv_lib_nsl_main=yes
ac_cv_lib_pthread_main=yes
ac_cv_lib_resolv_main=yes
ac_cv_lib_rt_main=yes
ac_cv_lib_socket_main=no
ac_cv_lib_tokyocabinet_main=no
ac_cv_lib_tokyotyrant_main=no
ac_cv_lib_z_main=no
ac_cv_objext=o
ac_cv_path_EGREP='/bin/grep -E'
ac_cv_path_GREP=/bin/grep
ac_cv_prog_CPP='gcc -E'
ac_cv_prog_ac_ct_CC=gcc
ac_cv_prog_cc_c89=
ac_cv_prog_cc_g=yes

## ----------------- ##
## Output variables. ##
## ----------------- ##

CC='gcc'
CFLAGS='-g -O2'
CPP='gcc -E'
CPPFLAGS=''
DEFS='-DPACKAGE_NAME=\"tokyotyrant\" -DPACKAGE_TARNAME=\"tokyotyrant\" -DPACKAGE_VERSION=\"1.1.40\" -DPACKAGE_STRING=\"tokyotyrant\ 1.1.40\" -DPACKAGE_BUGREPORT=\"\" -DSTDC_HEADERS=1 -DHAVE_SYS_TYPES_H=1 -DHAVE_SYS_STAT_H=1 -DHAVE_STDLIB_H=1 -DHAVE_STRING_H=1 -DHAVE_MEMORY_H=1 -DHAVE_STRINGS_H=1 -DHAVE_INTTYPES_H=1 -DHAVE_STDINT_H=1 -DHAVE_UNISTD_H=1 -DHAVE_LIBC=1 -DHAVE_LIBM=1 -DHAVE_LIBPTHREAD=1 -DHAVE_LIBRT=1 -DHAVE_LIBDL=1 -DHAVE_LIBNSL=1 -DHAVE_LIBRESOLV=1'
ECHO_C=''
ECHO_N='-n'
ECHO_T=''
EGREP='/bin/grep -E'
EXEEXT=''
GREP='/bin/grep'
LDFLAGS=''
LIBOBJS=''
LIBS='-lresolv -lnsl -ldl -lrt -lpthread -lm -lc '
LTLIBOBJS=''
MYCFLAGS='-g -O2 -std=c99 -Wall -fPIC -fsigned-char -O2'
MYCMDLDFLAGS=''
MYCOMMANDFILES='idgen ttulmgr ttultest tcrtest tcrmttest tcrmgr'
MYCPPFLAGS='-I. -I$(INCLUDEDIR) -I/home/xieyi//include -I/usr/local/include -DNDEBUG -D_GNU_SOURCE=1 -D_REENTRANT -D__EXTENSIONS__'
MYDOCUMENTFILES='COPYING ChangeLog THANKS doc'
MYHEADERFILES='ttutil.h tculog.h tcrdb.h'
MYINITFILES='idgenctl'
MYLDFLAGS='-L. -L$(LIBDIR) -L/home/xieyi//lib -L/usr/local/lib'
MYLDLIBPATHENV='LD_LIBRARY_PATH'
MYLIBOBJFILES='ttutil.o tculog.o tcrdb.o myconf.o'
MYLIBRARYFILES='libtokyotyrant.a libtokyotyrant.so.3.23.0 libtokyotyrant.so.3 libtokyotyrant.so ttskelmock.so ttskeldir.so ttskelproxy.so ttskelnull.so'
MYLIBREV='23'
MYLIBVER='3'
MYMAN1FILES='ttserver.1 ttulmgr.1 ttultest.1 tcrtest.1 tcrmttest.1 tcrmgr.1'
MYMAN3FILES='ttutil.3 tculog.3 tcrdb.3'
MYMAN8FILES='ttservctl.8'
MYPCFILES='tokyotyrant.pc'
MYPOSTCMD='true'
MYPROTVER='0.91'
MYRUNPATH='$(LIBDIR)'
MYSCREXTFILES='ext'
OBJEXT='o'
PACKAGE_BUGREPORT=''
PACKAGE_NAME='tokyotyrant'
PACKAGE_STRING='tokyotyrant 1.1.40'
PACKAGE_TARNAME='tokyotyrant'
PACKAGE_VERSION='1.1.40'
PATH_SEPARATOR=':'
SHELL='/bin/bash'
ac_ct_CC='gcc'
bindir='${exec_prefix}/bin'
build_alias=''
datadir='${datarootdir}'
datarootdir='${prefix}/share'
docdir='${datarootdir}/doc/${PACKAGE_TARNAME}'
dvidir='${docdir}'
exec_prefix='${prefix}'
host_alias=''
htmldir='${docdir}'
includedir='${prefix}/include'
infodir='${datarootdir}/info'
libdir='${exec_prefix}/lib'
libexecdir='${exec_prefix}/libexec'
localedir='${datarootdir}/locale'
localstatedir='${prefix}/var'
mandir='${datarootdir}/man'
oldincludedir='/usr/include'
pdfdir='${docdir}'
prefix='/usr/local/idgen'
program_transform_name='s,x,x,'
psdir='${docdir}'
sbindir='${exec_prefix}/sbin'
sharedstatedir='${prefix}/com'
sysconfdir='${prefix}/etc'
target_alias=''

## ----------- ##
## confdefs.h. ##
## ----------- ##

#define PACKAGE_NAME "tokyotyrant"
#define PACKAGE_TARNAME "tokyotyrant"
#define PACKAGE_VERSION "1.1.40"
#define PACKAGE_STRING "tokyotyrant 1.1.40"
#define PACKAGE_BUGREPORT ""
#define STDC_HEADERS 1
#define HAVE_SYS_TYPES_H 1
#define HAVE_SYS_STAT_H 1
#define HAVE_STDLIB_H 1
#define HAVE_STRING_H 1
#define HAVE_MEMORY_H 1
#define HAVE_STRINGS_H 1
#define HAVE_INTTYPES_H 1
#define HAVE_STDINT_H 1
#define HAVE_UNISTD_H 1
#define HAVE_LIBC 1
#define HAVE_LIBM 1
#define HAVE_LIBPTHREAD 1
#define HAVE_LIBRT 1
#define HAVE_LIBDL 1
#define HAVE_LIBNSL 1
#define HAVE_LIBRESOLV 1

configure: exit 0
